Created by PLY version 3.11 (http://www.dabeaz.com/ply)

Grammar

Rule 0     S' -> expression
Rule 1     expression -> LPAREN PREDICATE RPAREN
Rule 2     expression -> LPAREN NEGATION PREDICATE RPAREN
Rule 3     expression -> LPAREN NEGATION expression RPAREN
Rule 4     expression -> LPAREN BOX PREDICATE RPAREN
Rule 5     expression -> LPAREN BOX expression RPAREN
Rule 6     expression -> LPAREN DIAMOND PREDICATE RPAREN
Rule 7     expression -> LPAREN DIAMOND expression RPAREN
Rule 8     expression -> LPAREN expression IMPLIES expression RPAREN
Rule 9     expression -> LPAREN expression AND expression RPAREN
Rule 10    expression -> LPAREN expression OR expression RPAREN
Rule 11    expression -> LPAREN PREDICATE IMPLIES expression RPAREN
Rule 12    expression -> LPAREN PREDICATE AND expression RPAREN
Rule 13    expression -> LPAREN PREDICATE OR expression RPAREN
Rule 14    expression -> LPAREN expression IMPLIES PREDICATE RPAREN
Rule 15    expression -> LPAREN expression AND PREDICATE RPAREN
Rule 16    expression -> LPAREN expression OR PREDICATE RPAREN
Rule 17    expression -> LPAREN PREDICATE IMPLIES PREDICATE RPAREN
Rule 18    expression -> LPAREN PREDICATE AND PREDICATE RPAREN
Rule 19    expression -> LPAREN PREDICATE OR PREDICATE RPAREN

Terminals, with rules where they appear

AND                  : 9 12 15 18
BOX                  : 4 5
DIAMOND              : 6 7
IMPLIES              : 8 11 14 17
LPAREN               : 1 2 3 4 5 6 7 8 9 10 11 12 13 14 15 16 17 18 19
NEGATION             : 2 3
OR                   : 10 13 16 19
PREDICATE            : 1 2 4 6 11 12 13 14 15 16 17 17 18 18 19 19
RPAREN               : 1 2 3 4 5 6 7 8 9 10 11 12 13 14 15 16 17 18 19
error                : 

Nonterminals, with rules where they appear

expression           : 3 5 7 8 8 9 9 10 10 11 12 13 14 15 16 0

Parsing method: LALR

state 0

    (0) S' -> . expression
    (1) expression -> . LPAREN PREDICATE RPAREN
    (2) expression -> . LPAREN NEGATION PREDICATE RPAREN
    (3) expression -> . LPAREN NEGATION expression RPAREN
    (4) expression -> . LPAREN BOX PREDICATE RPAREN
    (5) expression -> . LPAREN BOX expression RPAREN
    (6) expression -> . LPAREN DIAMOND PREDICATE RPAREN
    (7) expression -> . LPAREN DIAMOND expression RPAREN
    (8) expression -> . LPAREN expression IMPLIES expression RPAREN
    (9) expression -> . LPAREN expression AND expression RPAREN
    (10) expression -> . LPAREN expression OR expression RPAREN
    (11) expression -> . LPAREN PREDICATE IMPLIES expression RPAREN
    (12) expression -> . LPAREN PREDICATE AND expression RPAREN
    (13) expression -> . LPAREN PREDICATE OR expression RPAREN
    (14) expression -> . LPAREN expression IMPLIES PREDICATE RPAREN
    (15) expression -> . LPAREN expression AND PREDICATE RPAREN
    (16) expression -> . LPAREN expression OR PREDICATE RPAREN
    (17) expression -> . LPAREN PREDICATE IMPLIES PREDICATE RPAREN
    (18) expression -> . LPAREN PREDICATE AND PREDICATE RPAREN
    (19) expression -> . LPAREN PREDICATE OR PREDICATE RPAREN

    LPAREN          shift and go to state 2

    expression                     shift and go to state 1

state 1

    (0) S' -> expression .



state 2

    (1) expression -> LPAREN . PREDICATE RPAREN
    (2) expression -> LPAREN . NEGATION PREDICATE RPAREN
    (3) expression -> LPAREN . NEGATION expression RPAREN
    (4) expression -> LPAREN . BOX PREDICATE RPAREN
    (5) expression -> LPAREN . BOX expression RPAREN
    (6) expression -> LPAREN . DIAMOND PREDICATE RPAREN
    (7) expression -> LPAREN . DIAMOND expression RPAREN
    (8) expression -> LPAREN . expression IMPLIES expression RPAREN
    (9) expression -> LPAREN . expression AND expression RPAREN
    (10) expression -> LPAREN . expression OR expression RPAREN
    (11) expression -> LPAREN . PREDICATE IMPLIES expression RPAREN
    (12) expression -> LPAREN . PREDICATE AND expression RPAREN
    (13) expression -> LPAREN . PREDICATE OR expression RPAREN
    (14) expression -> LPAREN . expression IMPLIES PREDICATE RPAREN
    (15) expression -> LPAREN . expression AND PREDICATE RPAREN
    (16) expression -> LPAREN . expression OR PREDICATE RPAREN
    (17) expression -> LPAREN . PREDICATE IMPLIES PREDICATE RPAREN
    (18) expression -> LPAREN . PREDICATE AND PREDICATE RPAREN
    (19) expression -> LPAREN . PREDICATE OR PREDICATE RPAREN
    (1) expression -> . LPAREN PREDICATE RPAREN
    (2) expression -> . LPAREN NEGATION PREDICATE RPAREN
    (3) expression -> . LPAREN NEGATION expression RPAREN
    (4) expression -> . LPAREN BOX PREDICATE RPAREN
    (5) expression -> . LPAREN BOX expression RPAREN
    (6) expression -> . LPAREN DIAMOND PREDICATE RPAREN
    (7) expression -> . LPAREN DIAMOND expression RPAREN
    (8) expression -> . LPAREN expression IMPLIES expression RPAREN
    (9) expression -> . LPAREN expression AND expression RPAREN
    (10) expression -> . LPAREN expression OR expression RPAREN
    (11) expression -> . LPAREN PREDICATE IMPLIES expression RPAREN
    (12) expression -> . LPAREN PREDICATE AND expression RPAREN
    (13) expression -> . LPAREN PREDICATE OR expression RPAREN
    (14) expression -> . LPAREN expression IMPLIES PREDICATE RPAREN
    (15) expression -> . LPAREN expression AND PREDICATE RPAREN
    (16) expression -> . LPAREN expression OR PREDICATE RPAREN
    (17) expression -> . LPAREN PREDICATE IMPLIES PREDICATE RPAREN
    (18) expression -> . LPAREN PREDICATE AND PREDICATE RPAREN
    (19) expression -> . LPAREN PREDICATE OR PREDICATE RPAREN

    PREDICATE       shift and go to state 3
    NEGATION        shift and go to state 4
    BOX             shift and go to state 6
    DIAMOND         shift and go to state 7
    LPAREN          shift and go to state 2

    expression                     shift and go to state 5

state 3

    (1) expression -> LPAREN PREDICATE . RPAREN
    (11) expression -> LPAREN PREDICATE . IMPLIES expression RPAREN
    (12) expression -> LPAREN PREDICATE . AND expression RPAREN
    (13) expression -> LPAREN PREDICATE . OR expression RPAREN
    (17) expression -> LPAREN PREDICATE . IMPLIES PREDICATE RPAREN
    (18) expression -> LPAREN PREDICATE . AND PREDICATE RPAREN
    (19) expression -> LPAREN PREDICATE . OR PREDICATE RPAREN

    RPAREN          shift and go to state 8
    IMPLIES         shift and go to state 9
    AND             shift and go to state 10
    OR              shift and go to state 11


state 4

    (2) expression -> LPAREN NEGATION . PREDICATE RPAREN
    (3) expression -> LPAREN NEGATION . expression RPAREN
    (1) expression -> . LPAREN PREDICATE RPAREN
    (2) expression -> . LPAREN NEGATION PREDICATE RPAREN
    (3) expression -> . LPAREN NEGATION expression RPAREN
    (4) expression -> . LPAREN BOX PREDICATE RPAREN
    (5) expression -> . LPAREN BOX expression RPAREN
    (6) expression -> . LPAREN DIAMOND PREDICATE RPAREN
    (7) expression -> . LPAREN DIAMOND expression RPAREN
    (8) expression -> . LPAREN expression IMPLIES expression RPAREN
    (9) expression -> . LPAREN expression AND expression RPAREN
    (10) expression -> . LPAREN expression OR expression RPAREN
    (11) expression -> . LPAREN PREDICATE IMPLIES expression RPAREN
    (12) expression -> . LPAREN PREDICATE AND expression RPAREN
    (13) expression -> . LPAREN PREDICATE OR expression RPAREN
    (14) expression -> . LPAREN expression IMPLIES PREDICATE RPAREN
    (15) expression -> . LPAREN expression AND PREDICATE RPAREN
    (16) expression -> . LPAREN expression OR PREDICATE RPAREN
    (17) expression -> . LPAREN PREDICATE IMPLIES PREDICATE RPAREN
    (18) expression -> . LPAREN PREDICATE AND PREDICATE RPAREN
    (19) expression -> . LPAREN PREDICATE OR PREDICATE RPAREN

    PREDICATE       shift and go to state 12
    LPAREN          shift and go to state 2

    expression                     shift and go to state 13

state 5

    (8) expression -> LPAREN expression . IMPLIES expression RPAREN
    (9) expression -> LPAREN expression . AND expression RPAREN
    (10) expression -> LPAREN expression . OR expression RPAREN
    (14) expression -> LPAREN expression . IMPLIES PREDICATE RPAREN
    (15) expression -> LPAREN expression . AND PREDICATE RPAREN
    (16) expression -> LPAREN expression . OR PREDICATE RPAREN

    IMPLIES         shift and go to state 14
    AND             shift and go to state 15
    OR              shift and go to state 16


state 6

    (4) expression -> LPAREN BOX . PREDICATE RPAREN
    (5) expression -> LPAREN BOX . expression RPAREN
    (1) expression -> . LPAREN PREDICATE RPAREN
    (2) expression -> . LPAREN NEGATION PREDICATE RPAREN
    (3) expression -> . LPAREN NEGATION expression RPAREN
    (4) expression -> . LPAREN BOX PREDICATE RPAREN
    (5) expression -> . LPAREN BOX expression RPAREN
    (6) expression -> . LPAREN DIAMOND PREDICATE RPAREN
    (7) expression -> . LPAREN DIAMOND expression RPAREN
    (8) expression -> . LPAREN expression IMPLIES expression RPAREN
    (9) expression -> . LPAREN expression AND expression RPAREN
    (10) expression -> . LPAREN expression OR expression RPAREN
    (11) expression -> . LPAREN PREDICATE IMPLIES expression RPAREN
    (12) expression -> . LPAREN PREDICATE AND expression RPAREN
    (13) expression -> . LPAREN PREDICATE OR expression RPAREN
    (14) expression -> . LPAREN expression IMPLIES PREDICATE RPAREN
    (15) expression -> . LPAREN expression AND PREDICATE RPAREN
    (16) expression -> . LPAREN expression OR PREDICATE RPAREN
    (17) expression -> . LPAREN PREDICATE IMPLIES PREDICATE RPAREN
    (18) expression -> . LPAREN PREDICATE AND PREDICATE RPAREN
    (19) expression -> . LPAREN PREDICATE OR PREDICATE RPAREN

    PREDICATE       shift and go to state 17
    LPAREN          shift and go to state 2

    expression                     shift and go to state 18

state 7

    (6) expression -> LPAREN DIAMOND . PREDICATE RPAREN
    (7) expression -> LPAREN DIAMOND . expression RPAREN
    (1) expression -> . LPAREN PREDICATE RPAREN
    (2) expression -> . LPAREN NEGATION PREDICATE RPAREN
    (3) expression -> . LPAREN NEGATION expression RPAREN
    (4) expression -> . LPAREN BOX PREDICATE RPAREN
    (5) expression -> . LPAREN BOX expression RPAREN
    (6) expression -> . LPAREN DIAMOND PREDICATE RPAREN
    (7) expression -> . LPAREN DIAMOND expression RPAREN
    (8) expression -> . LPAREN expression IMPLIES expression RPAREN
    (9) expression -> . LPAREN expression AND expression RPAREN
    (10) expression -> . LPAREN expression OR expression RPAREN
    (11) expression -> . LPAREN PREDICATE IMPLIES expression RPAREN
    (12) expression -> . LPAREN PREDICATE AND expression RPAREN
    (13) expression -> . LPAREN PREDICATE OR expression RPAREN
    (14) expression -> . LPAREN expression IMPLIES PREDICATE RPAREN
    (15) expression -> . LPAREN expression AND PREDICATE RPAREN
    (16) expression -> . LPAREN expression OR PREDICATE RPAREN
    (17) expression -> . LPAREN PREDICATE IMPLIES PREDICATE RPAREN
    (18) expression -> . LPAREN PREDICATE AND PREDICATE RPAREN
    (19) expression -> . LPAREN PREDICATE OR PREDICATE RPAREN

    PREDICATE       shift and go to state 19
    LPAREN          shift and go to state 2

    expression                     shift and go to state 20

state 8

    (1) expression -> LPAREN PREDICATE RPAREN .

    $end            reduce using rule 1 (expression -> LPAREN PREDICATE RPAREN .)
    IMPLIES         reduce using rule 1 (expression -> LPAREN PREDICATE RPAREN .)
    AND             reduce using rule 1 (expression -> LPAREN PREDICATE RPAREN .)
    OR              reduce using rule 1 (expression -> LPAREN PREDICATE RPAREN .)
    RPAREN          reduce using rule 1 (expression -> LPAREN PREDICATE RPAREN .)


state 9

    (11) expression -> LPAREN PREDICATE IMPLIES . expression RPAREN
    (17) expression -> LPAREN PREDICATE IMPLIES . PREDICATE RPAREN
    (1) expression -> . LPAREN PREDICATE RPAREN
    (2) expression -> . LPAREN NEGATION PREDICATE RPAREN
    (3) expression -> . LPAREN NEGATION expression RPAREN
    (4) expression -> . LPAREN BOX PREDICATE RPAREN
    (5) expression -> . LPAREN BOX expression RPAREN
    (6) expression -> . LPAREN DIAMOND PREDICATE RPAREN
    (7) expression -> . LPAREN DIAMOND expression RPAREN
    (8) expression -> . LPAREN expression IMPLIES expression RPAREN
    (9) expression -> . LPAREN expression AND expression RPAREN
    (10) expression -> . LPAREN expression OR expression RPAREN
    (11) expression -> . LPAREN PREDICATE IMPLIES expression RPAREN
    (12) expression -> . LPAREN PREDICATE AND expression RPAREN
    (13) expression -> . LPAREN PREDICATE OR expression RPAREN
    (14) expression -> . LPAREN expression IMPLIES PREDICATE RPAREN
    (15) expression -> . LPAREN expression AND PREDICATE RPAREN
    (16) expression -> . LPAREN expression OR PREDICATE RPAREN
    (17) expression -> . LPAREN PREDICATE IMPLIES PREDICATE RPAREN
    (18) expression -> . LPAREN PREDICATE AND PREDICATE RPAREN
    (19) expression -> . LPAREN PREDICATE OR PREDICATE RPAREN

    PREDICATE       shift and go to state 21
    LPAREN          shift and go to state 2

    expression                     shift and go to state 22

state 10

    (12) expression -> LPAREN PREDICATE AND . expression RPAREN
    (18) expression -> LPAREN PREDICATE AND . PREDICATE RPAREN
    (1) expression -> . LPAREN PREDICATE RPAREN
    (2) expression -> . LPAREN NEGATION PREDICATE RPAREN
    (3) expression -> . LPAREN NEGATION expression RPAREN
    (4) expression -> . LPAREN BOX PREDICATE RPAREN
    (5) expression -> . LPAREN BOX expression RPAREN
    (6) expression -> . LPAREN DIAMOND PREDICATE RPAREN
    (7) expression -> . LPAREN DIAMOND expression RPAREN
    (8) expression -> . LPAREN expression IMPLIES expression RPAREN
    (9) expression -> . LPAREN expression AND expression RPAREN
    (10) expression -> . LPAREN expression OR expression RPAREN
    (11) expression -> . LPAREN PREDICATE IMPLIES expression RPAREN
    (12) expression -> . LPAREN PREDICATE AND expression RPAREN
    (13) expression -> . LPAREN PREDICATE OR expression RPAREN
    (14) expression -> . LPAREN expression IMPLIES PREDICATE RPAREN
    (15) expression -> . LPAREN expression AND PREDICATE RPAREN
    (16) expression -> . LPAREN expression OR PREDICATE RPAREN
    (17) expression -> . LPAREN PREDICATE IMPLIES PREDICATE RPAREN
    (18) expression -> . LPAREN PREDICATE AND PREDICATE RPAREN
    (19) expression -> . LPAREN PREDICATE OR PREDICATE RPAREN

    PREDICATE       shift and go to state 23
    LPAREN          shift and go to state 2

    expression                     shift and go to state 24

state 11

    (13) expression -> LPAREN PREDICATE OR . expression RPAREN
    (19) expression -> LPAREN PREDICATE OR . PREDICATE RPAREN
    (1) expression -> . LPAREN PREDICATE RPAREN
    (2) expression -> . LPAREN NEGATION PREDICATE RPAREN
    (3) expression -> . LPAREN NEGATION expression RPAREN
    (4) expression -> . LPAREN BOX PREDICATE RPAREN
    (5) expression -> . LPAREN BOX expression RPAREN
    (6) expression -> . LPAREN DIAMOND PREDICATE RPAREN
    (7) expression -> . LPAREN DIAMOND expression RPAREN
    (8) expression -> . LPAREN expression IMPLIES expression RPAREN
    (9) expression -> . LPAREN expression AND expression RPAREN
    (10) expression -> . LPAREN expression OR expression RPAREN
    (11) expression -> . LPAREN PREDICATE IMPLIES expression RPAREN
    (12) expression -> . LPAREN PREDICATE AND expression RPAREN
    (13) expression -> . LPAREN PREDICATE OR expression RPAREN
    (14) expression -> . LPAREN expression IMPLIES PREDICATE RPAREN
    (15) expression -> . LPAREN expression AND PREDICATE RPAREN
    (16) expression -> . LPAREN expression OR PREDICATE RPAREN
    (17) expression -> . LPAREN PREDICATE IMPLIES PREDICATE RPAREN
    (18) expression -> . LPAREN PREDICATE AND PREDICATE RPAREN
    (19) expression -> . LPAREN PREDICATE OR PREDICATE RPAREN

    PREDICATE       shift and go to state 25
    LPAREN          shift and go to state 2

    expression                     shift and go to state 26

state 12

    (2) expression -> LPAREN NEGATION PREDICATE . RPAREN

    RPAREN          shift and go to state 27


state 13

    (3) expression -> LPAREN NEGATION expression . RPAREN

    RPAREN          shift and go to state 28


state 14

    (8) expression -> LPAREN expression IMPLIES . expression RPAREN
    (14) expression -> LPAREN expression IMPLIES . PREDICATE RPAREN
    (1) expression -> . LPAREN PREDICATE RPAREN
    (2) expression -> . LPAREN NEGATION PREDICATE RPAREN
    (3) expression -> . LPAREN NEGATION expression RPAREN
    (4) expression -> . LPAREN BOX PREDICATE RPAREN
    (5) expression -> . LPAREN BOX expression RPAREN
    (6) expression -> . LPAREN DIAMOND PREDICATE RPAREN
    (7) expression -> . LPAREN DIAMOND expression RPAREN
    (8) expression -> . LPAREN expression IMPLIES expression RPAREN
    (9) expression -> . LPAREN expression AND expression RPAREN
    (10) expression -> . LPAREN expression OR expression RPAREN
    (11) expression -> . LPAREN PREDICATE IMPLIES expression RPAREN
    (12) expression -> . LPAREN PREDICATE AND expression RPAREN
    (13) expression -> . LPAREN PREDICATE OR expression RPAREN
    (14) expression -> . LPAREN expression IMPLIES PREDICATE RPAREN
    (15) expression -> . LPAREN expression AND PREDICATE RPAREN
    (16) expression -> . LPAREN expression OR PREDICATE RPAREN
    (17) expression -> . LPAREN PREDICATE IMPLIES PREDICATE RPAREN
    (18) expression -> . LPAREN PREDICATE AND PREDICATE RPAREN
    (19) expression -> . LPAREN PREDICATE OR PREDICATE RPAREN

    PREDICATE       shift and go to state 30
    LPAREN          shift and go to state 2

    expression                     shift and go to state 29

state 15

    (9) expression -> LPAREN expression AND . expression RPAREN
    (15) expression -> LPAREN expression AND . PREDICATE RPAREN
    (1) expression -> . LPAREN PREDICATE RPAREN
    (2) expression -> . LPAREN NEGATION PREDICATE RPAREN
    (3) expression -> . LPAREN NEGATION expression RPAREN
    (4) expression -> . LPAREN BOX PREDICATE RPAREN
    (5) expression -> . LPAREN BOX expression RPAREN
    (6) expression -> . LPAREN DIAMOND PREDICATE RPAREN
    (7) expression -> . LPAREN DIAMOND expression RPAREN
    (8) expression -> . LPAREN expression IMPLIES expression RPAREN
    (9) expression -> . LPAREN expression AND expression RPAREN
    (10) expression -> . LPAREN expression OR expression RPAREN
    (11) expression -> . LPAREN PREDICATE IMPLIES expression RPAREN
    (12) expression -> . LPAREN PREDICATE AND expression RPAREN
    (13) expression -> . LPAREN PREDICATE OR expression RPAREN
    (14) expression -> . LPAREN expression IMPLIES PREDICATE RPAREN
    (15) expression -> . LPAREN expression AND PREDICATE RPAREN
    (16) expression -> . LPAREN expression OR PREDICATE RPAREN
    (17) expression -> . LPAREN PREDICATE IMPLIES PREDICATE RPAREN
    (18) expression -> . LPAREN PREDICATE AND PREDICATE RPAREN
    (19) expression -> . LPAREN PREDICATE OR PREDICATE RPAREN

    PREDICATE       shift and go to state 32
    LPAREN          shift and go to state 2

    expression                     shift and go to state 31

state 16

    (10) expression -> LPAREN expression OR . expression RPAREN
    (16) expression -> LPAREN expression OR . PREDICATE RPAREN
    (1) expression -> . LPAREN PREDICATE RPAREN
    (2) expression -> . LPAREN NEGATION PREDICATE RPAREN
    (3) expression -> . LPAREN NEGATION expression RPAREN
    (4) expression -> . LPAREN BOX PREDICATE RPAREN
    (5) expression -> . LPAREN BOX expression RPAREN
    (6) expression -> . LPAREN DIAMOND PREDICATE RPAREN
    (7) expression -> . LPAREN DIAMOND expression RPAREN
    (8) expression -> . LPAREN expression IMPLIES expression RPAREN
    (9) expression -> . LPAREN expression AND expression RPAREN
    (10) expression -> . LPAREN expression OR expression RPAREN
    (11) expression -> . LPAREN PREDICATE IMPLIES expression RPAREN
    (12) expression -> . LPAREN PREDICATE AND expression RPAREN
    (13) expression -> . LPAREN PREDICATE OR expression RPAREN
    (14) expression -> . LPAREN expression IMPLIES PREDICATE RPAREN
    (15) expression -> . LPAREN expression AND PREDICATE RPAREN
    (16) expression -> . LPAREN expression OR PREDICATE RPAREN
    (17) expression -> . LPAREN PREDICATE IMPLIES PREDICATE RPAREN
    (18) expression -> . LPAREN PREDICATE AND PREDICATE RPAREN
    (19) expression -> . LPAREN PREDICATE OR PREDICATE RPAREN

    PREDICATE       shift and go to state 34
    LPAREN          shift and go to state 2

    expression                     shift and go to state 33

state 17

    (4) expression -> LPAREN BOX PREDICATE . RPAREN

    RPAREN          shift and go to state 35


state 18

    (5) expression -> LPAREN BOX expression . RPAREN

    RPAREN          shift and go to state 36


state 19

    (6) expression -> LPAREN DIAMOND PREDICATE . RPAREN

    RPAREN          shift and go to state 37


state 20

    (7) expression -> LPAREN DIAMOND expression . RPAREN

    RPAREN          shift and go to state 38


state 21

    (17) expression -> LPAREN PREDICATE IMPLIES PREDICATE . RPAREN

    RPAREN          shift and go to state 39


state 22

    (11) expression -> LPAREN PREDICATE IMPLIES expression . RPAREN

    RPAREN          shift and go to state 40


state 23

    (18) expression -> LPAREN PREDICATE AND PREDICATE . RPAREN

    RPAREN          shift and go to state 41


state 24

    (12) expression -> LPAREN PREDICATE AND expression . RPAREN

    RPAREN          shift and go to state 42


state 25

    (19) expression -> LPAREN PREDICATE OR PREDICATE . RPAREN

    RPAREN          shift and go to state 43


state 26

    (13) expression -> LPAREN PREDICATE OR expression . RPAREN

    RPAREN          shift and go to state 44


state 27

    (2) expression -> LPAREN NEGATION PREDICATE RPAREN .

    $end            reduce using rule 2 (expression -> LPAREN NEGATION PREDICATE RPAREN .)
    IMPLIES         reduce using rule 2 (expression -> LPAREN NEGATION PREDICATE RPAREN .)
    AND             reduce using rule 2 (expression -> LPAREN NEGATION PREDICATE RPAREN .)
    OR              reduce using rule 2 (expression -> LPAREN NEGATION PREDICATE RPAREN .)
    RPAREN          reduce using rule 2 (expression -> LPAREN NEGATION PREDICATE RPAREN .)


state 28

    (3) expression -> LPAREN NEGATION expression RPAREN .

    $end            reduce using rule 3 (expression -> LPAREN NEGATION expression RPAREN .)
    IMPLIES         reduce using rule 3 (expression -> LPAREN NEGATION expression RPAREN .)
    AND             reduce using rule 3 (expression -> LPAREN NEGATION expression RPAREN .)
    OR              reduce using rule 3 (expression -> LPAREN NEGATION expression RPAREN .)
    RPAREN          reduce using rule 3 (expression -> LPAREN NEGATION expression RPAREN .)


state 29

    (8) expression -> LPAREN expression IMPLIES expression . RPAREN

    RPAREN          shift and go to state 45


state 30

    (14) expression -> LPAREN expression IMPLIES PREDICATE . RPAREN

    RPAREN          shift and go to state 46


state 31

    (9) expression -> LPAREN expression AND expression . RPAREN

    RPAREN          shift and go to state 47


state 32

    (15) expression -> LPAREN expression AND PREDICATE . RPAREN

    RPAREN          shift and go to state 48


state 33

    (10) expression -> LPAREN expression OR expression . RPAREN

    RPAREN          shift and go to state 49


state 34

    (16) expression -> LPAREN expression OR PREDICATE . RPAREN

    RPAREN          shift and go to state 50


state 35

    (4) expression -> LPAREN BOX PREDICATE RPAREN .

    $end            reduce using rule 4 (expression -> LPAREN BOX PREDICATE RPAREN .)
    IMPLIES         reduce using rule 4 (expression -> LPAREN BOX PREDICATE RPAREN .)
    AND             reduce using rule 4 (expression -> LPAREN BOX PREDICATE RPAREN .)
    OR              reduce using rule 4 (expression -> LPAREN BOX PREDICATE RPAREN .)
    RPAREN          reduce using rule 4 (expression -> LPAREN BOX PREDICATE RPAREN .)


state 36

    (5) expression -> LPAREN BOX expression RPAREN .

    $end            reduce using rule 5 (expression -> LPAREN BOX expression RPAREN .)
    IMPLIES         reduce using rule 5 (expression -> LPAREN BOX expression RPAREN .)
    AND             reduce using rule 5 (expression -> LPAREN BOX expression RPAREN .)
    OR              reduce using rule 5 (expression -> LPAREN BOX expression RPAREN .)
    RPAREN          reduce using rule 5 (expression -> LPAREN BOX expression RPAREN .)


state 37

    (6) expression -> LPAREN DIAMOND PREDICATE RPAREN .

    $end            reduce using rule 6 (expression -> LPAREN DIAMOND PREDICATE RPAREN .)
    IMPLIES         reduce using rule 6 (expression -> LPAREN DIAMOND PREDICATE RPAREN .)
    AND             reduce using rule 6 (expression -> LPAREN DIAMOND PREDICATE RPAREN .)
    OR              reduce using rule 6 (expression -> LPAREN DIAMOND PREDICATE RPAREN .)
    RPAREN          reduce using rule 6 (expression -> LPAREN DIAMOND PREDICATE RPAREN .)


state 38

    (7) expression -> LPAREN DIAMOND expression RPAREN .

    $end            reduce using rule 7 (expression -> LPAREN DIAMOND expression RPAREN .)
    IMPLIES         reduce using rule 7 (expression -> LPAREN DIAMOND expression RPAREN .)
    AND             reduce using rule 7 (expression -> LPAREN DIAMOND expression RPAREN .)
    OR              reduce using rule 7 (expression -> LPAREN DIAMOND expression RPAREN .)
    RPAREN          reduce using rule 7 (expression -> LPAREN DIAMOND expression RPAREN .)


state 39

    (17) expression -> LPAREN PREDICATE IMPLIES PREDICATE RPAREN .

    $end            reduce using rule 17 (expression -> LPAREN PREDICATE IMPLIES PREDICATE RPAREN .)
    IMPLIES         reduce using rule 17 (expression -> LPAREN PREDICATE IMPLIES PREDICATE RPAREN .)
    AND             reduce using rule 17 (expression -> LPAREN PREDICATE IMPLIES PREDICATE RPAREN .)
    OR              reduce using rule 17 (expression -> LPAREN PREDICATE IMPLIES PREDICATE RPAREN .)
    RPAREN          reduce using rule 17 (expression -> LPAREN PREDICATE IMPLIES PREDICATE RPAREN .)


state 40

    (11) expression -> LPAREN PREDICATE IMPLIES expression RPAREN .

    $end            reduce using rule 11 (expression -> LPAREN PREDICATE IMPLIES expression RPAREN .)
    IMPLIES         reduce using rule 11 (expression -> LPAREN PREDICATE IMPLIES expression RPAREN .)
    AND             reduce using rule 11 (expression -> LPAREN PREDICATE IMPLIES expression RPAREN .)
    OR              reduce using rule 11 (expression -> LPAREN PREDICATE IMPLIES expression RPAREN .)
    RPAREN          reduce using rule 11 (expression -> LPAREN PREDICATE IMPLIES expression RPAREN .)


state 41

    (18) expression -> LPAREN PREDICATE AND PREDICATE RPAREN .

    $end            reduce using rule 18 (expression -> LPAREN PREDICATE AND PREDICATE RPAREN .)
    IMPLIES         reduce using rule 18 (expression -> LPAREN PREDICATE AND PREDICATE RPAREN .)
    AND             reduce using rule 18 (expression -> LPAREN PREDICATE AND PREDICATE RPAREN .)
    OR              reduce using rule 18 (expression -> LPAREN PREDICATE AND PREDICATE RPAREN .)
    RPAREN          reduce using rule 18 (expression -> LPAREN PREDICATE AND PREDICATE RPAREN .)


state 42

    (12) expression -> LPAREN PREDICATE AND expression RPAREN .

    $end            reduce using rule 12 (expression -> LPAREN PREDICATE AND expression RPAREN .)
    IMPLIES         reduce using rule 12 (expression -> LPAREN PREDICATE AND expression RPAREN .)
    AND             reduce using rule 12 (expression -> LPAREN PREDICATE AND expression RPAREN .)
    OR              reduce using rule 12 (expression -> LPAREN PREDICATE AND expression RPAREN .)
    RPAREN          reduce using rule 12 (expression -> LPAREN PREDICATE AND expression RPAREN .)


state 43

    (19) expression -> LPAREN PREDICATE OR PREDICATE RPAREN .

    $end            reduce using rule 19 (expression -> LPAREN PREDICATE OR PREDICATE RPAREN .)
    IMPLIES         reduce using rule 19 (expression -> LPAREN PREDICATE OR PREDICATE RPAREN .)
    AND             reduce using rule 19 (expression -> LPAREN PREDICATE OR PREDICATE RPAREN .)
    OR              reduce using rule 19 (expression -> LPAREN PREDICATE OR PREDICATE RPAREN .)
    RPAREN          reduce using rule 19 (expression -> LPAREN PREDICATE OR PREDICATE RPAREN .)


state 44

    (13) expression -> LPAREN PREDICATE OR expression RPAREN .

    $end            reduce using rule 13 (expression -> LPAREN PREDICATE OR expression RPAREN .)
    IMPLIES         reduce using rule 13 (expression -> LPAREN PREDICATE OR expression RPAREN .)
    AND             reduce using rule 13 (expression -> LPAREN PREDICATE OR expression RPAREN .)
    OR              reduce using rule 13 (expression -> LPAREN PREDICATE OR expression RPAREN .)
    RPAREN          reduce using rule 13 (expression -> LPAREN PREDICATE OR expression RPAREN .)


state 45

    (8) expression -> LPAREN expression IMPLIES expression RPAREN .

    $end            reduce using rule 8 (expression -> LPAREN expression IMPLIES expression RPAREN .)
    IMPLIES         reduce using rule 8 (expression -> LPAREN expression IMPLIES expression RPAREN .)
    AND             reduce using rule 8 (expression -> LPAREN expression IMPLIES expression RPAREN .)
    OR              reduce using rule 8 (expression -> LPAREN expression IMPLIES expression RPAREN .)
    RPAREN          reduce using rule 8 (expression -> LPAREN expression IMPLIES expression RPAREN .)


state 46

    (14) expression -> LPAREN expression IMPLIES PREDICATE RPAREN .

    $end            reduce using rule 14 (expression -> LPAREN expression IMPLIES PREDICATE RPAREN .)
    IMPLIES         reduce using rule 14 (expression -> LPAREN expression IMPLIES PREDICATE RPAREN .)
    AND             reduce using rule 14 (expression -> LPAREN expression IMPLIES PREDICATE RPAREN .)
    OR              reduce using rule 14 (expression -> LPAREN expression IMPLIES PREDICATE RPAREN .)
    RPAREN          reduce using rule 14 (expression -> LPAREN expression IMPLIES PREDICATE RPAREN .)


state 47

    (9) expression -> LPAREN expression AND expression RPAREN .

    $end            reduce using rule 9 (expression -> LPAREN expression AND expression RPAREN .)
    IMPLIES         reduce using rule 9 (expression -> LPAREN expression AND expression RPAREN .)
    AND             reduce using rule 9 (expression -> LPAREN expression AND expression RPAREN .)
    OR              reduce using rule 9 (expression -> LPAREN expression AND expression RPAREN .)
    RPAREN          reduce using rule 9 (expression -> LPAREN expression AND expression RPAREN .)


state 48

    (15) expression -> LPAREN expression AND PREDICATE RPAREN .

    $end            reduce using rule 15 (expression -> LPAREN expression AND PREDICATE RPAREN .)
    IMPLIES         reduce using rule 15 (expression -> LPAREN expression AND PREDICATE RPAREN .)
    AND             reduce using rule 15 (expression -> LPAREN expression AND PREDICATE RPAREN .)
    OR              reduce using rule 15 (expression -> LPAREN expression AND PREDICATE RPAREN .)
    RPAREN          reduce using rule 15 (expression -> LPAREN expression AND PREDICATE RPAREN .)


state 49

    (10) expression -> LPAREN expression OR expression RPAREN .

    $end            reduce using rule 10 (expression -> LPAREN expression OR expression RPAREN .)
    IMPLIES         reduce using rule 10 (expression -> LPAREN expression OR expression RPAREN .)
    AND             reduce using rule 10 (expression -> LPAREN expression OR expression RPAREN .)
    OR              reduce using rule 10 (expression -> LPAREN expression OR expression RPAREN .)
    RPAREN          reduce using rule 10 (expression -> LPAREN expression OR expression RPAREN .)


state 50

    (16) expression -> LPAREN expression OR PREDICATE RPAREN .

    $end            reduce using rule 16 (expression -> LPAREN expression OR PREDICATE RPAREN .)
    IMPLIES         reduce using rule 16 (expression -> LPAREN expression OR PREDICATE RPAREN .)
    AND             reduce using rule 16 (expression -> LPAREN expression OR PREDICATE RPAREN .)
    OR              reduce using rule 16 (expression -> LPAREN expression OR PREDICATE RPAREN .)
    RPAREN          reduce using rule 16 (expression -> LPAREN expression OR PREDICATE RPAREN .)

